F:\VS_WORKSPACE\WORK\NIUKE\NIUKE\DEBUG\MAIN.OBJ
F:\VS_WORKSPACE\WORK\NIUKE\NIUKE\DEBUG\VC110.PDB
F:\VS_WORKSPACE\WORK\NIUKE\NIUKE\DEBUG\MYALGORITHM.OBJ
F:\VS_WORKSPACE\WORK\NIUKE\DEBUG\NIUKE.ILK
F:\VS_WORKSPACE\WORK\NIUKE\DEBUG\NIUKE.EXE
F:\VS_WORKSPACE\WORK\NIUKE\DEBUG\NIUKE.PDB
F:\vs_workspace\work\niuke\niuke\Debug\main.obj
F:\vs_workspace\work\niuke\niuke\Debug\MyAlgorithm.obj
F:\vs_workspace\work\niuke\niuke\Debug\cl.command.1.tlog
F:\vs_workspace\work\niuke\niuke\Debug\CL.read.1.tlog
F:\vs_workspace\work\niuke\niuke\Debug\CL.write.1.tlog
F:\vs_workspace\work\niuke\niuke\Debug\link-cvtres.read.1.tlog
F:\vs_workspace\work\niuke\niuke\Debug\link-cvtres.write.1.tlog
F:\vs_workspace\work\niuke\niuke\Debug\link-rc.read.1.tlog
F:\vs_workspace\work\niuke\niuke\Debug\link-rc.write.1.tlog
F:\vs_workspace\work\niuke\niuke\Debug\link.10796-cvtres.read.1.tlog
F:\vs_workspace\work\niuke\niuke\Debug\link.10796-cvtres.write.1.tlog
F:\vs_workspace\work\niuke\niuke\Debug\link.10796-rc.read.1.tlog
F:\vs_workspace\work\niuke\niuke\Debug\link.10796-rc.write.1.tlog
F:\vs_workspace\work\niuke\niuke\Debug\link.10796.read.1.tlog
F:\vs_workspace\work\niuke\niuke\Debug\link.10796.write.1.tlog
F:\vs_workspace\work\niuke\niuke\Debug\link.11572-cvtres.read.1.tlog
F:\vs_workspace\work\niuke\niuke\Debug\link.11572-cvtres.write.1.tlog
F:\vs_workspace\work\niuke\niuke\Debug\link.11572-rc.read.1.tlog
F:\vs_workspace\work\niuke\niuke\Debug\link.11572-rc.write.1.tlog
F:\vs_workspace\work\niuke\niuke\Debug\link.11572.read.1.tlog
F:\vs_workspace\work\niuke\niuke\Debug\link.11572.write.1.tlog
F:\vs_workspace\work\niuke\niuke\Debug\link.12512-cvtres.read.1.tlog
F:\vs_workspace\work\niuke\niuke\Debug\link.12512-cvtres.write.1.tlog
F:\vs_workspace\work\niuke\niuke\Debug\link.12512-rc.read.1.tlog
F:\vs_workspace\work\niuke\niuke\Debug\link.12512-rc.write.1.tlog
F:\vs_workspace\work\niuke\niuke\Debug\link.12512.read.1.tlog
F:\vs_workspace\work\niuke\niuke\Debug\link.12512.write.1.tlog
F:\vs_workspace\work\niuke\niuke\Debug\link.13052-cvtres.read.1.tlog
F:\vs_workspace\work\niuke\niuke\Debug\link.13052-cvtres.write.1.tlog
F:\vs_workspace\work\niuke\niuke\Debug\link.13052-rc.read.1.tlog
F:\vs_workspace\work\niuke\niuke\Debug\link.13052-rc.write.1.tlog
F:\vs_workspace\work\niuke\niuke\Debug\link.13052.read.1.tlog
F:\vs_workspace\work\niuke\niuke\Debug\link.13052.write.1.tlog
F:\vs_workspace\work\niuke\niuke\Debug\link.13360-cvtres.read.1.tlog
F:\vs_workspace\work\niuke\niuke\Debug\link.13360-cvtres.write.1.tlog
F:\vs_workspace\work\niuke\niuke\Debug\link.13360-rc.read.1.tlog
F:\vs_workspace\work\niuke\niuke\Debug\link.13360-rc.write.1.tlog
F:\vs_workspace\work\niuke\niuke\Debug\link.13360.read.1.tlog
F:\vs_workspace\work\niuke\niuke\Debug\link.13360.write.1.tlog
F:\vs_workspace\work\niuke\niuke\Debug\link.13624-cvtres.read.1.tlog
F:\vs_workspace\work\niuke\niuke\Debug\link.13624-cvtres.write.1.tlog
F:\vs_workspace\work\niuke\niuke\Debug\link.13624-rc.read.1.tlog
F:\vs_workspace\work\niuke\niuke\Debug\link.13624-rc.write.1.tlog
F:\vs_workspace\work\niuke\niuke\Debug\link.13624.read.1.tlog
F:\vs_workspace\work\niuke\niuke\Debug\link.13624.write.1.tlog
F:\vs_workspace\work\niuke\niuke\Debug\link.14124-cvtres.read.1.tlog
F:\vs_workspace\work\niuke\niuke\Debug\link.14124-cvtres.write.1.tlog
F:\vs_workspace\work\niuke\niuke\Debug\link.14124-rc.read.1.tlog
F:\vs_workspace\work\niuke\niuke\Debug\link.14124-rc.write.1.tlog
F:\vs_workspace\work\niuke\niuke\Debug\link.14124.read.1.tlog
F:\vs_workspace\work\niuke\niuke\Debug\link.14124.write.1.tlog
F:\vs_workspace\work\niuke\niuke\Debug\link.2140-cvtres.read.1.tlog
F:\vs_workspace\work\niuke\niuke\Debug\link.2140-cvtres.write.1.tlog
F:\vs_workspace\work\niuke\niuke\Debug\link.2140-rc.read.1.tlog
F:\vs_workspace\work\niuke\niuke\Debug\link.2140-rc.write.1.tlog
F:\vs_workspace\work\niuke\niuke\Debug\link.2140.read.1.tlog
F:\vs_workspace\work\niuke\niuke\Debug\link.2140.write.1.tlog
F:\vs_workspace\work\niuke\niuke\Debug\link.4500-cvtres.read.1.tlog
F:\vs_workspace\work\niuke\niuke\Debug\link.4500-cvtres.write.1.tlog
F:\vs_workspace\work\niuke\niuke\Debug\link.4500-rc.read.1.tlog
F:\vs_workspace\work\niuke\niuke\Debug\link.4500-rc.write.1.tlog
F:\vs_workspace\work\niuke\niuke\Debug\link.4500.read.1.tlog
F:\vs_workspace\work\niuke\niuke\Debug\link.4500.write.1.tlog
F:\vs_workspace\work\niuke\niuke\Debug\link.4872-cvtres.read.1.tlog
F:\vs_workspace\work\niuke\niuke\Debug\link.4872-cvtres.write.1.tlog
F:\vs_workspace\work\niuke\niuke\Debug\link.4872-rc.read.1.tlog
F:\vs_workspace\work\niuke\niuke\Debug\link.4872-rc.write.1.tlog
F:\vs_workspace\work\niuke\niuke\Debug\link.4872.read.1.tlog
F:\vs_workspace\work\niuke\niuke\Debug\link.4872.write.1.tlog
F:\vs_workspace\work\niuke\niuke\Debug\link.5208-cvtres.read.1.tlog
F:\vs_workspace\work\niuke\niuke\Debug\link.5208-cvtres.write.1.tlog
F:\vs_workspace\work\niuke\niuke\Debug\link.5208-rc.read.1.tlog
F:\vs_workspace\work\niuke\niuke\Debug\link.5208-rc.write.1.tlog
F:\vs_workspace\work\niuke\niuke\Debug\link.5208.read.1.tlog
F:\vs_workspace\work\niuke\niuke\Debug\link.5208.write.1.tlog
F:\vs_workspace\work\niuke\niuke\Debug\link.9948-cvtres.read.1.tlog
F:\vs_workspace\work\niuke\niuke\Debug\link.9948-cvtres.write.1.tlog
F:\vs_workspace\work\niuke\niuke\Debug\link.9948-rc.read.1.tlog
F:\vs_workspace\work\niuke\niuke\Debug\link.9948-rc.write.1.tlog
F:\vs_workspace\work\niuke\niuke\Debug\link.9948.read.1.tlog
F:\vs_workspace\work\niuke\niuke\Debug\link.9948.write.1.tlog
F:\vs_workspace\work\niuke\niuke\Debug\link.command.1.tlog
F:\vs_workspace\work\niuke\niuke\Debug\link.read.1.tlog
F:\vs_workspace\work\niuke\niuke\Debug\link.write.1.tlog
F:\vs_workspace\work\niuke\niuke\Debug\vc110.idb
F:\vs_workspace\work\niuke\niuke\Debug\vc110.pdb
F:\vs_workspace\work\niuke\Debug\niuke.pdb
F:\vs_workspace\work\niuke\Debug\niuke.exe
F:\vs_workspace\work\niuke\Debug\niuke.ilk
